<?xml version="1.0" encoding="UTF-8"?>
<testsuites>
  <testsuite name="FunctionTest" file="/Applications/MAMP/htdocs/checkout/application/tests/FunctionTest.php" tests="1" assertions="1" errors="0" warnings="0" failures="0" skipped="0" time="0.028293">
    <testcase name="test_index" class="FunctionTest" classname="FunctionTest" file="/Applications/MAMP/htdocs/checkout/application/tests/FunctionTest.php" line="6" assertions="1" time="0.028293"/>
  </testsuite>
</testsuites>
